
> netest@0.0.1 build-storybook
> storybook build --output-dir=/private/var/folders/j9/rnp0xxh53bgdb_p58dhmybdw0000gn/T/chromatic--9614-mh4X25a5fSoR

[1m@storybook/core v8.6.18
[22m
info => Cleaning outputDir: [36m../../../../private/var/folders/j9/rnp0xxh53bgdb_p58dhmybdw0000gn/T/chromatic--9614-mh4X25a5fSoR[39m
info => Loading presets
info => Building manager..
info => Manager built ([38;2;181;126;229m95 ms[39m)
info => Building preview..
WARN No story files found for the specified pattern: [34msrc/**/*.stories.ts[39m
info Using tsconfig paths for react-docgen
[36mvite v6.4.2 [32mbuilding for production...[36m[39m
transforming...
[32m✓[39m 155 modules transformed.
rendering chunks...
computing gzip size...
[2m../../../../private/var/folders/j9/rnp0xxh53bgdb_p58dhmybdw0000gn/T/chromatic--9614-mh4X25a5fSoR/[22m[32miframe.html                                  [39m[1m[2m 17.73 kB[22m[1m[22m[2m │ gzip:   4.99 kB[22m
[2m../../../../private/var/folders/j9/rnp0xxh53bgdb_p58dhmybdw0000gn/T/chromatic--9614-mh4X25a5fSoR/[22m[2massets/[22m[32mitem-thumbnail-image-2-C91oAIOw.png   [39m[1m[2m 18.99 kB[22m[1m[22m
[2m../../../../private/var/folders/j9/rnp0xxh53bgdb_p58dhmybdw0000gn/T/chromatic--9614-mh4X25a5fSoR/[22m[2massets/[22m[32mcard-thumbnail-image-2-DXH8601t.png   [39m[1m[2m 27.83 kB[22m[1m[22m
[2m../../../../private/var/folders/j9/rnp0xxh53bgdb_p58dhmybdw0000gn/T/chromatic--9614-mh4X25a5fSoR/[22m[2massets/[22m[32mitem-thumbnail-image-1-Btemk9Mk.png   [39m[1m[2m 58.59 kB[22m[1m[22m
[2m../../../../private/var/folders/j9/rnp0xxh53bgdb_p58dhmybdw0000gn/T/chromatic--9614-mh4X25a5fSoR/[22m[2massets/[22m[32mcard-thumbnail-image-1-Cp5SwJpw.png   [39m[1m[2m100.72 kB[22m[1m[22m
[2m../../../../private/var/folders/j9/rnp0xxh53bgdb_p58dhmybdw0000gn/T/chromatic--9614-mh4X25a5fSoR/[22m[2massets/[22m[35mpreview-D0UpqY9f.css                  [39m[1m[2m  7.70 kB[22m[1m[22m[2m │ gzip:   1.60 kB[22m
[2m../../../../private/var/folders/j9/rnp0xxh53bgdb_p58dhmybdw0000gn/T/chromatic--9614-mh4X25a5fSoR/[22m[2massets/[22m[36mpreview-DynA3Twm.js                   [39m[1m[2m  0.11 kB[22m[1m[22m[2m │ gzip:   0.11 kB[22m
[2m../../../../private/var/folders/j9/rnp0xxh53bgdb_p58dhmybdw0000gn/T/chromatic--9614-mh4X25a5fSoR/[22m[2massets/[22m[36mpreview-CvbIS5ZJ.js                   [39m[1m[2m  0.18 kB[22m[1m[22m[2m │ gzip:   0.16 kB[22m
[2m../../../../private/var/folders/j9/rnp0xxh53bgdb_p58dhmybdw0000gn/T/chromatic--9614-mh4X25a5fSoR/[22m[2massets/[22m[36mDivider-Dtg7ilGf.js                   [39m[1m[2m  0.38 kB[22m[1m[22m[2m │ gzip:   0.26 kB[22m
[2m../../../../private/var/folders/j9/rnp0xxh53bgdb_p58dhmybdw0000gn/T/chromatic--9614-mh4X25a5fSoR/[22m[2massets/[22m[36mindex-DHO77v_d.js                     [39m[1m[2m  0.42 kB[22m[1m[22m[2m │ gzip:   0.28 kB[22m
[2m../../../../private/var/folders/j9/rnp0xxh53bgdb_p58dhmybdw0000gn/T/chromatic--9614-mh4X25a5fSoR/[22m[2massets/[22m[36mpreview-DHQbi4pV.js                   [39m[1m[2m  0.61 kB[22m[1m[22m[2m │ gzip:   0.42 kB[22m
[2m../../../../private/var/folders/j9/rnp0xxh53bgdb_p58dhmybdw0000gn/T/chromatic--9614-mh4X25a5fSoR/[22m[2massets/[22m[36mchunk-XP5HYGXS-BHXC9YeQ.js            [39m[1m[2m  0.71 kB[22m[1m[22m[2m │ gzip:   0.40 kB[22m
[2m../../../../private/var/folders/j9/rnp0xxh53bgdb_p58dhmybdw0000gn/T/chromatic--9614-mh4X25a5fSoR/[22m[2massets/[22m[36mpreview-DGUiP6tS.js                   [39m[1m[2m  0.71 kB[22m[1m[22m[2m │ gzip:   0.49 kB[22m
[2m../../../../private/var/folders/j9/rnp0xxh53bgdb_p58dhmybdw0000gn/T/chromatic--9614-mh4X25a5fSoR/[22m[2massets/[22m[36mjsx-runtime-D_zvdyIk.js               [39m[1m[2m  0.73 kB[22m[1m[22m[2m │ gzip:   0.46 kB[22m
[2m../../../../private/var/folders/j9/rnp0xxh53bgdb_p58dhmybdw0000gn/T/chromatic--9614-mh4X25a5fSoR/[22m[2massets/[22m[36mindex-DrFu-skq.js                     [39m[1m[2m  0.77 kB[22m[1m[22m[2m │ gzip:   0.47 kB[22m
[2m../../../../private/var/folders/j9/rnp0xxh53bgdb_p58dhmybdw0000gn/T/chromatic--9614-mh4X25a5fSoR/[22m[2massets/[22m[36mreact-18-BeIp0fAf.js                  [39m[1m[2m  0.77 kB[22m[1m[22m[2m │ gzip:   0.46 kB[22m
[2m../../../../private/var/folders/j9/rnp0xxh53bgdb_p58dhmybdw0000gn/T/chromatic--9614-mh4X25a5fSoR/[22m[2massets/[22m[36mImage-DauAI6Bg.js                     [39m[1m[2m  0.79 kB[22m[1m[22m[2m │ gzip:   0.51 kB[22m
[2m../../../../private/var/folders/j9/rnp0xxh53bgdb_p58dhmybdw0000gn/T/chromatic--9614-mh4X25a5fSoR/[22m[2massets/[22m[36mCardImage-C5KSdgbR.js                 [39m[1m[2m  0.79 kB[22m[1m[22m[2m │ gzip:   0.51 kB[22m
[2m../../../../private/var/folders/j9/rnp0xxh53bgdb_p58dhmybdw0000gn/T/chromatic--9614-mh4X25a5fSoR/[22m[2massets/[22m[36mpreview-vyRlIQzv.js                   [39m[1m[2m  0.87 kB[22m[1m[22m[2m │ gzip:   0.55 kB[22m
[2m../../../../private/var/folders/j9/rnp0xxh53bgdb_p58dhmybdw0000gn/T/chromatic--9614-mh4X25a5fSoR/[22m[2massets/[22m[36mtest-utils-BxnH6twK.js                [39m[1m[2m  1.12 kB[22m[1m[22m[2m │ gzip:   0.69 kB[22m
[2m../../../../private/var/folders/j9/rnp0xxh53bgdb_p58dhmybdw0000gn/T/chromatic--9614-mh4X25a5fSoR/[22m[2massets/[22m[36mLogo.stories-BsBIaFlW.js              [39m[1m[2m  1.24 kB[22m[1m[22m[2m │ gzip:   0.54 kB[22m
[2m../../../../private/var/folders/j9/rnp0xxh53bgdb_p58dhmybdw0000gn/T/chromatic--9614-mh4X25a5fSoR/[22m[2massets/[22m[36mDivider.stories-Ds4iMx3m.js           [39m[1m[2m  1.41 kB[22m[1m[22m[2m │ gzip:   0.65 kB[22m
[2m../../../../private/var/folders/j9/rnp0xxh53bgdb_p58dhmybdw0000gn/T/chromatic--9614-mh4X25a5fSoR/[22m[2massets/[22m[36mCardImage.stories-ChXVbFVT.js         [39m[1m[2m  1.87 kB[22m[1m[22m[2m │ gzip:   0.65 kB[22m
[2m../../../../private/var/folders/j9/rnp0xxh53bgdb_p58dhmybdw0000gn/T/chromatic--9614-mh4X25a5fSoR/[22m[2massets/[22m[36mImage.stories-CBD5Afao.js             [39m[1m[2m  1.87 kB[22m[1m[22m[2m │ gzip:   0.66 kB[22m
[2m../../../../private/var/folders/j9/rnp0xxh53bgdb_p58dhmybdw0000gn/T/chromatic--9614-mh4X25a5fSoR/[22m[2massets/[22m[36mBadge.stories-CWgAl7-h.js             [39m[1m[2m  1.95 kB[22m[1m[22m[2m │ gzip:   0.90 kB[22m
[2m../../../../private/var/folders/j9/rnp0xxh53bgdb_p58dhmybdw0000gn/T/chromatic--9614-mh4X25a5fSoR/[22m[2massets/[22m[36mButton-DZa7sf3U.js                    [39m[1m[2m  2.23 kB[22m[1m[22m[2m │ gzip:   0.84 kB[22m
[2m../../../../private/var/folders/j9/rnp0xxh53bgdb_p58dhmybdw0000gn/T/chromatic--9614-mh4X25a5fSoR/[22m[2massets/[22m[36mLink.stories-C-5CTJFW.js              [39m[1m[2m  2.46 kB[22m[1m[22m[2m │ gzip:   0.98 kB[22m
[2m../../../../private/var/folders/j9/rnp0xxh53bgdb_p58dhmybdw0000gn/T/chromatic--9614-mh4X25a5fSoR/[22m[2massets/[22m[36mLogo-BfzfRcMm.js                      [39m[1m[2m  2.71 kB[22m[1m[22m[2m │ gzip:   2.11 kB[22m
[2m../../../../private/var/folders/j9/rnp0xxh53bgdb_p58dhmybdw0000gn/T/chromatic--9614-mh4X25a5fSoR/[22m[2massets/[22m[36mGameFilter.stories-DdUYjvHq.js        [39m[1m[2m  3.06 kB[22m[1m[22m[2m │ gzip:   1.19 kB[22m
[2m../../../../private/var/folders/j9/rnp0xxh53bgdb_p58dhmybdw0000gn/T/chromatic--9614-mh4X25a5fSoR/[22m[2massets/[22m[36mpreview-DD_OYowb.js                   [39m[1m[2m  3.51 kB[22m[1m[22m[2m │ gzip:   1.69 kB[22m
[2m../../../../private/var/folders/j9/rnp0xxh53bgdb_p58dhmybdw0000gn/T/chromatic--9614-mh4X25a5fSoR/[22m[2massets/[22m[36mSwiperPagination.stories-w-imdG4P.js  [39m[1m[2m  3.97 kB[22m[1m[22m[2m │ gzip:   1.37 kB[22m
[2m../../../../private/var/folders/j9/rnp0xxh53bgdb_p58dhmybdw0000gn/T/chromatic--9614-mh4X25a5fSoR/[22m[2massets/[22m[36mpreview-B8lJiyuQ.js                   [39m[1m[2m  5.06 kB[22m[1m[22m[2m │ gzip:   1.89 kB[22m
[2m../../../../private/var/folders/j9/rnp0xxh53bgdb_p58dhmybdw0000gn/T/chromatic--9614-mh4X25a5fSoR/[22m[2massets/[22m[36mSearchBar.stories-C1-D_Vfc.js         [39m[1m[2m  5.27 kB[22m[1m[22m[2m │ gzip:   2.05 kB[22m
[2m../../../../private/var/folders/j9/rnp0xxh53bgdb_p58dhmybdw0000gn/T/chromatic--9614-mh4X25a5fSoR/[22m[2massets/[22m[36mRecommendItem.stories-DFw-kSy0.js     [39m[1m[2m  5.47 kB[22m[1m[22m[2m │ gzip:   1.73 kB[22m
[2m../../../../private/var/folders/j9/rnp0xxh53bgdb_p58dhmybdw0000gn/T/chromatic--9614-mh4X25a5fSoR/[22m[2massets/[22m[36mGnbBar.stories-C8mIS4Lb.js            [39m[1m[2m  5.64 kB[22m[1m[22m[2m │ gzip:   1.99 kB[22m
[2m../../../../private/var/folders/j9/rnp0xxh53bgdb_p58dhmybdw0000gn/T/chromatic--9614-mh4X25a5fSoR/[22m[2massets/[22m[36mFooter.stories-wOKmJHcS.js            [39m[1m[2m  5.68 kB[22m[1m[22m[2m │ gzip:   2.18 kB[22m
[2m../../../../private/var/folders/j9/rnp0xxh53bgdb_p58dhmybdw0000gn/T/chromatic--9614-mh4X25a5fSoR/[22m[2massets/[22m[36mpreview-BWzBA1C2.js                   [39m[1m[2m  7.62 kB[22m[1m[22m[2m │ gzip:   1.57 kB[22m
[2m../../../../private/var/folders/j9/rnp0xxh53bgdb_p58dhmybdw0000gn/T/chromatic--9614-mh4X25a5fSoR/[22m[2massets/[22m[36mpreview-BBWR9nbA.js                   [39m[1m[2m  8.12 kB[22m[1m[22m[2m │ gzip:   3.08 kB[22m
[2m../../../../private/var/folders/j9/rnp0xxh53bgdb_p58dhmybdw0000gn/T/chromatic--9614-mh4X25a5fSoR/[22m[2massets/[22m[36mCardItem.stories-BrNt-5h_.js          [39m[1m[2m  8.37 kB[22m[1m[22m[2m │ gzip:   2.61 kB[22m
[2m../../../../private/var/folders/j9/rnp0xxh53bgdb_p58dhmybdw0000gn/T/chromatic--9614-mh4X25a5fSoR/[22m[2massets/[22m[36mindex-DzGJhHoF.js                     [39m[1m[2m  8.37 kB[22m[1m[22m[2m │ gzip:   3.28 kB[22m
[2m../../../../private/var/folders/j9/rnp0xxh53bgdb_p58dhmybdw0000gn/T/chromatic--9614-mh4X25a5fSoR/[22m[2massets/[22m[36mSpacing.stories-Dtlw2S-0.js           [39m[1m[2m  9.10 kB[22m[1m[22m[2m │ gzip:   1.97 kB[22m
[2m../../../../private/var/folders/j9/rnp0xxh53bgdb_p58dhmybdw0000gn/T/chromatic--9614-mh4X25a5fSoR/[22m[2massets/[22m[36mColors.stories-DOe0eGiT.js            [39m[1m[2m 12.56 kB[22m[1m[22m[2m │ gzip:   2.77 kB[22m
[2m../../../../private/var/folders/j9/rnp0xxh53bgdb_p58dhmybdw0000gn/T/chromatic--9614-mh4X25a5fSoR/[22m[2massets/[22m[36mTypography.stories-C5Dqrx1u.js        [39m[1m[2m 12.93 kB[22m[1m[22m[2m │ gzip:   2.51 kB[22m
[2m../../../../private/var/folders/j9/rnp0xxh53bgdb_p58dhmybdw0000gn/T/chromatic--9614-mh4X25a5fSoR/[22m[2massets/[22m[36mButton.stories-BMG0T0Cg.js            [39m[1m[2m 12.94 kB[22m[1m[22m[2m │ gzip:   2.20 kB[22m
[2m../../../../private/var/folders/j9/rnp0xxh53bgdb_p58dhmybdw0000gn/T/chromatic--9614-mh4X25a5fSoR/[22m[2massets/[22m[36mColor-YHDXOIA2-EhfT1NCR.js            [39m[1m[2m 29.32 kB[22m[1m[22m[2m │ gzip:  10.92 kB[22m
[2m../../../../private/var/folders/j9/rnp0xxh53bgdb_p58dhmybdw0000gn/T/chromatic--9614-mh4X25a5fSoR/[22m[2massets/[22m[36mentry-preview-BcqzEXYc.js             [39m[1m[2m 29.75 kB[22m[1m[22m[2m │ gzip:   9.47 kB[22m
[2m../../../../private/var/folders/j9/rnp0xxh53bgdb_p58dhmybdw0000gn/T/chromatic--9614-mh4X25a5fSoR/[22m[2massets/[22m[36mindex-DgH-xKnr.js                     [39m[1m[2m 57.15 kB[22m[1m[22m[2m │ gzip:  16.22 kB[22m
[2m../../../../private/var/folders/j9/rnp0xxh53bgdb_p58dhmybdw0000gn/T/chromatic--9614-mh4X25a5fSoR/[22m[2massets/[22m[36mclient-CN6oaCdP.js                    [39m[1m[2m184.90 kB[22m[1m[22m[2m │ gzip:  57.77 kB[22m
[2m../../../../private/var/folders/j9/rnp0xxh53bgdb_p58dhmybdw0000gn/T/chromatic--9614-mh4X25a5fSoR/[22m[2massets/[22m[36miframe-l7_ShbIq.js                    [39m[1m[2m215.04 kB[22m[1m[22m[2m │ gzip:  71.97 kB[22m
[2m../../../../private/var/folders/j9/rnp0xxh53bgdb_p58dhmybdw0000gn/T/chromatic--9614-mh4X25a5fSoR/[22m[2massets/[22m[36mentry-preview-docs-CM8xCKX5.js        [39m[1m[2m247.08 kB[22m[1m[22m[2m │ gzip:  72.53 kB[22m
[2m../../../../private/var/folders/j9/rnp0xxh53bgdb_p58dhmybdw0000gn/T/chromatic--9614-mh4X25a5fSoR/[22m[2massets/[22m[36mpreview-BIuR4HGU.js                   [39m[1m[33m660.73 kB[39m[22m[2m │ gzip: 156.01 kB[22m
[2m../../../../private/var/folders/j9/rnp0xxh53bgdb_p58dhmybdw0000gn/T/chromatic--9614-mh4X25a5fSoR/[22m[2massets/[22m[36mindex-DH-M5T-F.js                     [39m[1m[33m662.49 kB[39m[22m[2m │ gzip: 156.47 kB[22m
[2m../../../../private/var/folders/j9/rnp0xxh53bgdb_p58dhmybdw0000gn/T/chromatic--9614-mh4X25a5fSoR/[22m[2massets/[22m[36mDocsRenderer-CFRXHY34-DF9P0B4U.js     [39m[1m[33m888.11 kB[39m[22m[2m │ gzip: 274.05 kB[22m
[32m✓ built in 2.46s[39m
info => Preview built ([38;2;181;126;229m2.93 s[39m)
info => Output directory: /private/var/folders/j9/rnp0xxh53bgdb_p58dhmybdw0000gn/T/chromatic--9614-mh4X25a5fSoR
